Change Component Designator: Old Designator=C? New Designator=C9
Change Component Designator: Old Designator=C? New Designator=C10
Change Component Designator: Old Designator=C? New Designator=C11
Change Component Designator: Old Designator=C? New Designator=C12
Change Component Designator: Old Designator=C? New Designator=C13
Change Component Designator: Old Designator=C? New Designator=C14
Change Component Designator: Old Designator=C? New Designator=C15
Change Component Designator: Old Designator=C? New Designator=C16
Change Component Designator: Old Designator=C? New Designator=C17
Change Component Designator: Old Designator=C? New Designator=C18
Change Component Designator: Old Designator=C? New Designator=C19
Change Component Designator: Old Designator=C? New Designator=C20
Change Component Designator: Old Designator=C? New Designator=C21
Change Component Designator: Old Designator=C? New Designator=C22
Change Component Designator: Old Designator=C? New Designator=C23
Change Component Designator: Old Designator=C? New Designator=C24
Change Component Designator: Old Designator=C? New Designator=C25
Change Component Designator: Old Designator=C? New Designator=C26
Change Component Designator: Old Designator=C? New Designator=C27
Change Component Designator: Old Designator=C? New Designator=C28
Change Component Designator: Old Designator=D? New Designator=D1
Change Component Designator: Old Designator=D? New Designator=D2
Change Component Designator: Old Designator=D? New Designator=D3
Change Component Designator: Old Designator=D? New Designator=D4
Change Component Designator: Old Designator=D? New Designator=D5
Change Component Designator: Old Designator=D? New Designator=D6
Change Component Designator: Old Designator=D? New Designator=D7
Change Component Designator: Old Designator=D? New Designator=D8
Change Component Designator: Old Designator=D? New Designator=D9
Change Component Designator: Old Designator=D? New Designator=D10
Change Component Designator: Old Designator=D? New Designator=D11
Change Component Designator: Old Designator=D? New Designator=D12
Change Component Designator: Old Designator=P? New Designator=P4
Change Component Designator: Old Designator=P? New Designator=P5
Change Component Designator: Old Designator=P? New Designator=P6
Change Component Designator: Old Designator=P? New Designator=P7
Change Component Designator: Old Designator=P? New Designator=P8
Change Component Designator: Old Designator=P? New Designator=P9
Change Component Designator: Old Designator=P? New Designator=P10
Change Component Designator: Old Designator=P? New Designator=P11
Change Component Designator: Old Designator=P? New Designator=P12
Change Component Designator: Old Designator=P? New Designator=P13
Change Component Designator: Old Designator=P? New Designator=P14
Change Component Designator: Old Designator=P? New Designator=P15
Change Component Designator: Old Designator=P? New Designator=P16
Change Component Designator: Old Designator=P? New Designator=P17
Change Component Designator: Old Designator=P? New Designator=P18
Change Component Designator: Old Designator=P? New Designator=P19
Change Component Designator: Old Designator=P? New Designator=P20
Change Component Designator: Old Designator=P? New Designator=P21
Change Component Designator: Old Designator=P? New Designator=P22
Change Component Designator: Old Designator=P? New Designator=P23
Change Component Designator: Old Designator=P? New Designator=P24
Change Component Designator: Old Designator=P? New Designator=P25
Change Component Designator: Old Designator=P? New Designator=P26
Change Component Designator: Old Designator=P? New Designator=P27
Change Component Designator: Old Designator=Q? New Designator=Q1
Change Component Designator: Old Designator=Q? New Designator=Q2
Change Component Designator: Old Designator=Q? New Designator=Q3
Change Component Designator: Old Designator=Q? New Designator=Q4
Change Component Designator: Old Designator=Q? New Designator=Q5
Change Component Designator: Old Designator=Q? New Designator=Q6
Change Component Designator: Old Designator=Q? New Designator=Q7
Change Component Designator: Old Designator=Q? New Designator=Q8
Change Component Designator: Old Designator=Q? New Designator=Q9
Change Component Designator: Old Designator=Q? New Designator=Q10
Change Component Designator: Old Designator=Q? New Designator=Q11
Change Component Designator: Old Designator=Q? New Designator=Q12
Change Component Designator: Old Designator=R? New Designator=R3
Change Component Designator: Old Designator=R? New Designator=R4
Change Component Designator: Old Designator=R? New Designator=R5
Change Component Designator: Old Designator=R? New Designator=R6
Change Component Designator: Old Designator=R? New Designator=R7
Change Component Designator: Old Designator=R? New Designator=R8
Change Component Designator: Old Designator=R? New Designator=R9
Change Component Designator: Old Designator=R? New Designator=R10
Change Component Designator: Old Designator=R? New Designator=R11
Change Component Designator: Old Designator=R? New Designator=R12
Change Component Designator: Old Designator=R? New Designator=R13
Change Component Designator: Old Designator=R? New Designator=R14
Change Component Designator: Old Designator=R? New Designator=R15
Change Component Designator: Old Designator=R? New Designator=R16
Change Component Designator: Old Designator=R? New Designator=R17
Change Component Designator: Old Designator=R? New Designator=R18
Change Component Designator: Old Designator=R? New Designator=R19
Change Component Designator: Old Designator=R? New Designator=R20
Change Component Designator: Old Designator=R? New Designator=R21
Change Component Designator: Old Designator=R? New Designator=R22
Change Component Designator: Old Designator=R? New Designator=R23
Change Component Designator: Old Designator=R? New Designator=R24
Change Component Designator: Old Designator=R? New Designator=R25
Change Component Designator: Old Designator=R? New Designator=R26
Change Component Designator: Old Designator=R? New Designator=R27
Change Component Designator: Old Designator=R? New Designator=R28
Change Component Designator: Old Designator=R? New Designator=R29
Change Component Designator: Old Designator=R? New Designator=R30
Change Component Designator: Old Designator=R? New Designator=R31
Change Component Designator: Old Designator=R? New Designator=R32
Change Component Designator: Old Designator=R? New Designator=R33
Change Component Designator: Old Designator=R? New Designator=R34
Change Component Designator: Old Designator=R? New Designator=R35
Change Component Designator: Old Designator=R? New Designator=R36
Change Component Designator: Old Designator=R? New Designator=R37
Change Component Designator: Old Designator=R? New Designator=R38
Change Component Designator: Old Designator=R? New Designator=R39
Change Component Designator: Old Designator=R? New Designator=R40
Change Component Designator: Old Designator=R? New Designator=R41
Change Component Designator: Old Designator=R? New Designator=R42
Change Component Designator: Old Designator=R? New Designator=R43
Change Component Designator: Old Designator=R? New Designator=R44
Change Component Designator: Old Designator=R? New Designator=R45
Change Component Designator: Old Designator=R? New Designator=R46
Change Component Designator: Old Designator=R? New Designator=R47
Change Component Designator: Old Designator=R? New Designator=R48
Change Component Designator: Old Designator=R? New Designator=R49
Change Component Designator: Old Designator=R? New Designator=R50
Change Component Designator: Old Designator=R? New Designator=R51
Change Component Designator: Old Designator=R? New Designator=R52
Change Component Designator: Old Designator=R? New Designator=R53
Change Component Designator: Old Designator=R? New Designator=R54
Change Component Designator: Old Designator=R? New Designator=R55
Change Component Designator: Old Designator=R? New Designator=R56
Change Component Designator: Old Designator=R? New Designator=R57
Change Component Designator: Old Designator=R? New Designator=R58
Change Component Designator: Old Designator=R? New Designator=R59
Change Component Designator: Old Designator=R? New Designator=R60
Change Component Designator: Old Designator=R? New Designator=R61
Change Component Designator: Old Designator=R? New Designator=R62
Change Component Designator: Old Designator=R? New Designator=R63
Change Component Designator: Old Designator=R? New Designator=R64
Change Component Designator: Old Designator=R? New Designator=R65
Change Component Designator: Old Designator=R? New Designator=R66
Change Component Designator: Old Designator=R? New Designator=R67
Change Component Designator: Old Designator=R? New Designator=R68
Change Component Designator: Old Designator=R? New Designator=R69
Change Component Designator: Old Designator=R? New Designator=R70
Change Component Designator: Old Designator=U? New Designator=U2
Change Component Designator: Old Designator=U? New Designator=U3
Change Component Designator: Old Designator=U? New Designator=U4
Change Component Designator: Old Designator=U? New Designator=U5
Change Component Designator: Old Designator=U? New Designator=U6
Change Component Designator: Old Designator=U? New Designator=U7
Change Component Designator: Old Designator=U? New Designator=U8
Change Component Designator: Old Designator=U? New Designator=U9
