Change Component Comment : Designator=L2 Old Comment=SDFL2012T220KTF New Comment=FHD4020S-4R7MT
Change Component Comment : Designator=L1 Old Comment=SDFL2012T220KTF New Comment=FHD4020S-100MT
Change component parameters: Designator = "L1" ("L1"); Footprint = "IND-SMD_L4.0-W4.0"; UniqueID = "\ILGMEEDO" ("\ILGMEEDO")
Change component parameters (AddParameter): Name = "Add into BOM"; Value = "yes"; VariantName = "[No Variations]"
Change component parameters (AddParameter): Name = "Convert to PCB"; Value = "yes"; VariantName = "[No Variations]"
Change component parameters (AddParameter): Name = "Datasheet"; Value = "https://atta.szlcsc.com/upload/public/pdf/source/20210816/855F4348312D259031B87CBCF31BE802.pdf"; VariantName = "[No Variations]"
Change component parameters (AddParameter): Name = "DC Resistance (DCR)"; Value = "1.1Ω"; VariantName = "[No Variations]"
Change component parameters (AddParameter): Name = "Device"; Value = "FHD4020S-100MT"; VariantName = "[No Variations]"
Change component parameters (AddParameter): Name = "Frequency - Self Resonant"; Value = "-"; VariantName = "[No Variations]"
Change component parameters (AddParameter): Name = "JLCPCB Part Class"; Value = "Basic Part"; VariantName = "[No Variations]"
Change component parameters (AddParameter): Name = "LCSC Part Name"; Value = "10uH ±20% 3.5A"; VariantName = "[No Variations]"
Change component parameters (AddParameter): Name = "Manufacturer"; Value = "cjiang(长江微电)"; VariantName = "[No Variations]"
Change component parameters (AddParameter): Name = "Manufacturer Part"; Value = "FHD4020S-100MT"; VariantName = "[No Variations]"
Change component parameters (AddParameter): Name = "Name"; Value = "10uH"; VariantName = "[No Variations]"
Change component parameters (AddParameter): Name = "Q @ Freq"; Value = "-"; VariantName = "[No Variations]"
Change component parameters (AddParameter): Name = "Rated Current"; Value = "5mA"; VariantName = "[No Variations]"
Change component parameters (AddParameter): Name = "Ratings"; Value = "-"; VariantName = "[No Variations]"
Change component parameters (AddParameter): Name = "Saturation Current (Isat)"; Value = "-"; VariantName = "[No Variations]"
Change component parameters (AddParameter): Name = "Supplier"; Value = "LCSC"; VariantName = "[No Variations]"
Change component parameters (AddParameter): Name = "Supplier Footprint"; Value = "SMD,4x4mm"; VariantName = "[No Variations]"
Change component parameters (AddParameter): Name = "Supplier Part"; Value = "C602032"; VariantName = "[No Variations]"
Change component parameters (AddParameter): Name = "Symbol"; Value = "FHD4020S-100MT"; VariantName = "[No Variations]"
Change component parameters (AddParameter): Name = "Tolerance"; Value = "±10%"; VariantName = "[No Variations]"
Change component parameters (AddParameter): Name = "Value"; Value = "10uH"; VariantName = "[No Variations]"
Change component parameters: Designator = "L2" ("L2"); Footprint = "IND-SMD_L4.0-W4.0"; UniqueID = "\ZAJZEQSA" ("\ZAJZEQSA")
Change component parameters (AddParameter): Name = "Add into BOM"; Value = "yes"; VariantName = "[No Variations]"
Change component parameters (AddParameter): Name = "Convert to PCB"; Value = "yes"; VariantName = "[No Variations]"
Change component parameters (AddParameter): Name = "Datasheet"; Value = "https://atta.szlcsc.com/upload/public/pdf/source/20210816/855F4348312D259031B87CBCF31BE802.pdf"; VariantName = "[No Variations]"
Change component parameters (AddParameter): Name = "DC Resistance (DCR)"; Value = "1.1Ω"; VariantName = "[No Variations]"
Change component parameters (AddParameter): Name = "Device"; Value = "FHD4020S-4R7MT"; VariantName = "[No Variations]"
Change component parameters (AddParameter): Name = "Frequency - Self Resonant"; Value = "-"; VariantName = "[No Variations]"
Change component parameters (AddParameter): Name = "JLCPCB Part Class"; Value = "Basic Part"; VariantName = "[No Variations]"
Change component parameters (AddParameter): Name = "LCSC Part Name"; Value = "4.7uH ±20% 4.9A"; VariantName = "[No Variations]"
Change component parameters (AddParameter): Name = "Manufacturer"; Value = "cjiang(长江微电)"; VariantName = "[No Variations]"
Change component parameters (AddParameter): Name = "Manufacturer Part"; Value = "FHD4020S-4R7MT"; VariantName = "[No Variations]"
Change component parameters (AddParameter): Name = "Name"; Value = "4.7uH"; VariantName = "[No Variations]"
Change component parameters (AddParameter): Name = "Q @ Freq"; Value = "-"; VariantName = "[No Variations]"
Change component parameters (AddParameter): Name = "Rated Current"; Value = "5mA"; VariantName = "[No Variations]"
Change component parameters (AddParameter): Name = "Ratings"; Value = "-"; VariantName = "[No Variations]"
Change component parameters (AddParameter): Name = "Saturation Current (Isat)"; Value = "-"; VariantName = "[No Variations]"
Change component parameters (AddParameter): Name = "Supplier"; Value = "LCSC"; VariantName = "[No Variations]"
Change component parameters (AddParameter): Name = "Supplier Footprint"; Value = "SMD,4x4mm"; VariantName = "[No Variations]"
Change component parameters (AddParameter): Name = "Supplier Part"; Value = "C602031"; VariantName = "[No Variations]"
Change component parameters (AddParameter): Name = "Symbol"; Value = "FHD4020S-4R7MT"; VariantName = "[No Variations]"
Change component parameters (AddParameter): Name = "Tolerance"; Value = "±10%"; VariantName = "[No Variations]"
Change component parameters (AddParameter): Name = "Value"; Value = "4.7uH"; VariantName = "[No Variations]"
