Removed Pin From Net: NetName=USB_5V Pin=FPC2-1
Removed Pin From Net: NetName=USB_CC2 Pin=FPC2-2
Removed Pin From Net: NetName=USB_D- Pin=FPC2-3
Removed Pin From Net: NetName=USB_D+ Pin=FPC2-4
Removed Pin From Net: NetName=USB_CC1 Pin=FPC2-5
Removed Pin From Net: NetName=GND Pin=FPC2-6
Removed Pin From Net: NetName=GND Pin=FPC2-7
Removed Pin From Net: NetName=GND Pin=FPC2-8
Removed Member From Class: ClassName=Interface Member=FPC2
Added Component: Designator=J2(CONN-SMD_6P-P0.6)
Add component (AddParameter): Name = "Add into BOM"; Value = "yes"; VariantName = "[No Variations]"
Add component (AddParameter): Name = "Contact Material"; Value = "Í­ºÏ½ð"; VariantName = "[No Variations]"
Add component (AddParameter): Name = "Contact Plating"; Value = "Îý"; VariantName = "[No Variations]"
Add component (AddParameter): Name = "Convert to PCB"; Value = "yes"; VariantName = "[No Variations]"
Add component (AddParameter): Name = "Current Rating (Max)"; Value = "200mA"; VariantName = "[No Variations]"
Add component (AddParameter): Name = "Datasheet"; Value = "https://atta.szlcsc.com/upload/public/pdf/source/20211104/F92F039D0CBA277DB4B3F7158FB08335.pdf"; VariantName = "[No Variations]"
Add component (AddParameter): Name = "Device"; Value = "SM06B-XSRS-ETB(LF)(SN)"; VariantName = "[No Variations]"
Add component (AddParameter): Name = "JLCPCB Part Class"; Value = "Extended Part"; VariantName = "[No Variations]"
Add component (AddParameter): Name = "LCSC Part Name"; Value = "SM06B-XSRS-ETB(LF)(SN)"; VariantName = "[No Variations]"
Add component (AddParameter): Name = "Manufacturer"; Value = "JST"; VariantName = "[No Variations]"
Add component (AddParameter): Name = "Manufacturer Part"; Value = "SM06B-XSRS-ETB(LF)(SN)"; VariantName = "[No Variations]"
Add component (AddParameter): Name = "Mounting Style"; Value = "ÎÔÌù"; VariantName = "[No Variations]"
Add component (AddParameter): Name = "Number of Rows"; Value = "1"; VariantName = "[No Variations]"
Add component (AddParameter): Name = "Operating Temperature Range"; Value = "-25¡æ~+85¡æ"; VariantName = "[No Variations]"
Add component (AddParameter): Name = "Pitch"; Value = "0.6mm"; VariantName = "[No Variations]"
Add component (AddParameter): Name = "Supplier"; Value = "LCSC"; VariantName = "[No Variations]"
Add component (AddParameter): Name = "Supplier Footprint"; Value = "SMD,P=0.6mm,ÎÔÌù"; VariantName = "[No Variations]"
Add component (AddParameter): Name = "Supplier Part"; Value = "C5306600"; VariantName = "[No Variations]"
Add component (AddParameter): Name = "Symbol"; Value = "SM06B-XSRS-ETB(LF)(SN)"; VariantName = "[No Variations]"
Added Pin To Net: NetName=GND Pin=J2-1
Added Pin To Net: NetName=USB_CC2 Pin=J2-2
Added Pin To Net: NetName=USB_D+ Pin=J2-3
Added Pin To Net: NetName=USB_D- Pin=J2-4
Added Pin To Net: NetName=USB_CC1 Pin=J2-5
Added Pin To Net: NetName=USB_5V Pin=J2-6
Added Pin To Net: NetName=GND Pin=J2-7
Added Pin To Net: NetName=GND Pin=J2-8
Added Member To Class: ClassName=Interface Member=Component J2 SM06B-XSRS-ETB(LF)(SN)
