Removed Pin From Net: NetName=Core_3.3V Pin=C31-1
Removed Pin From Net: NetName=GND Pin=C31-2
Removed Pin From Net: NetName=GND Pin=C34-1
Removed Pin From Net: NetName=Core_3.3V Pin=C34-2
Removed Pin From Net: NetName=GND Pin=C35-1
Removed Pin From Net: NetName=Core_3.3V Pin=C35-2
Removed Pin From Net: NetName=SPI3_MISO Pin=U10-1
Removed Pin From Net: NetName=GND Pin=U10-2
Removed Pin From Net: NetName=GND Pin=U10-3
Removed Pin From Net: NetName=SPI3_Data_Ready Pin=U10-4
Removed Pin From Net: NetName=Core_3.3V Pin=U10-5
Removed Pin From Net: NetName=GND Pin=U10-6
Removed Pin From Net: NetName=GND Pin=U10-7
Removed Pin From Net: NetName=Core_3.3V Pin=U10-8
Removed Pin From Net: NetName=GND Pin=U10-10
Removed Pin From Net: NetName=GND Pin=U10-11
Removed Pin From Net: NetName=SPI3_CS Pin=U10-12
Removed Pin From Net: NetName=SPI3_SCK Pin=U10-13
Removed Pin From Net: NetName=SPI3_MOSI Pin=U10-14
Removed Member From Class: ClassName=Peripheral Member=C31
Removed Member From Class: ClassName=Peripheral Member=C34
Removed Member From Class: ClassName=Peripheral Member=C35
Removed Member From Class: ClassName=Peripheral Member=U10
