Removed Pin From Net: NetName=USART1_TX Pin=FPC2-4
Removed Pin From Net: NetName=USART1_RX Pin=FPC2-5
Removed Pin From Net: NetName=USART3_TX Pin=FPC2-6
Removed Pin From Net: NetName=USART3_RX Pin=FPC2-7
Removed Pin From Net: NetName=UART5_TX Pin=FPC2-8
Removed Pin From Net: NetName=UART5_RX Pin=FPC2-9
Removed Pin From Net: NetName=I2C2_SCL Pin=FPC2-10
Removed Pin From Net: NetName=I2C2_SDA Pin=FPC2-11
Removed Pin From Net: NetName=UART7_TX Pin=FPC4-2
Removed Pin From Net: NetName=UART7_RX Pin=FPC4-3
Removed Pin From Net: NetName=SRGBLED Pin=FPC4-4
Removed Pin From Net: NetName=AUX2 Pin=FPC4-6
Removed Pin From Net: NetName=SPI1_MOSI Pin=FPC4-7
Removed Pin From Net: NetName=SPI1_MISO Pin=FPC4-8
Removed Pin From Net: NetName=SPI1_SCK Pin=FPC4-9
Removed Pin From Net: NetName=USART2_TX Pin=FPC4-10
Removed Pin From Net: NetName=USART2_RX Pin=FPC4-11
Added Pin To Net: NetName=USART3_TX Pin=FPC2-4
Added Pin To Net: NetName=USART3_RX Pin=FPC2-5
Added Pin To Net: NetName=I2C2_SCL Pin=FPC2-6
Added Pin To Net: NetName=I2C2_SDA Pin=FPC2-7
Added Pin To Net: NetName=SRGBLED Pin=FPC2-8
Added Pin To Net: NetName=SPI1_MOSI Pin=FPC2-9
Added Pin To Net: NetName=SPI1_MISO Pin=FPC2-10
Added Pin To Net: NetName=SPI1_SCK Pin=FPC2-11
Added Pin To Net: NetName=USART2_RX Pin=FPC4-2
Added Pin To Net: NetName=USART2_TX Pin=FPC4-3
Added Pin To Net: NetName=AUX2 Pin=FPC4-4
Added Pin To Net: NetName=UART7_RX Pin=FPC4-6
Added Pin To Net: NetName=UART7_TX Pin=FPC4-7
Added Pin To Net: NetName=UART5_RX Pin=FPC4-8
Added Pin To Net: NetName=UART5_TX Pin=FPC4-9
Added Pin To Net: NetName=USART1_RX Pin=FPC4-10
Added Pin To Net: NetName=USART1_TX Pin=FPC4-11
