Removed Member From Class: ClassName=MCU Member=R6
Removed Member From Class: ClassName=MCU Member=R8
Removed Member From Class: ClassName=MCU Member=R10
Removed Member From Class: ClassName=ESC Member=R75
Removed Member From Class: ClassName=Peripheral Member=R84
Added Member To Class: ClassName=MCU Member=Component R3 10k次
Added Member To Class: ClassName=MCU Member=Component R4 10k次
Added Member To Class: ClassName=MCU Member=Component R5 10k次
Added Member To Class: ClassName=ESC Member=Component R7 1k次
Added Member To Class: ClassName=ESC Member=Component R9 1k次
Added Member To Class: ClassName=ESC Member=Component R11 10k次
Added Member To Class: ClassName=ESC Member=Component R13 10k次
Added Member To Class: ClassName=ESC Member=Component R14 10k次
Added Member To Class: ClassName=ESC Member=Component R15 10k次
Added Member To Class: ClassName=ESC Member=Component R16 10k次
Added Member To Class: ClassName=ESC Member=Component R18 10k次
Added Member To Class: ClassName=ESC Member=Component R20 10k次
Added Member To Class: ClassName=ESC Member=Component R22 10k次
Added Member To Class: ClassName=ESC Member=Component R24 10k次
Added Member To Class: ClassName=ESC Member=Component R26 47k次
Added Member To Class: ClassName=ESC Member=Component R28 47k次
Added Member To Class: ClassName=ESC Member=Component R30 47k次
Added Member To Class: ClassName=ESC Member=Component R32 47k次
Added Member To Class: ClassName=ESC Member=Component R34 47k次
Added Member To Class: ClassName=ESC Member=Component R36 47k次
Added Member To Class: ClassName=ESC Member=Component R38 47k次
Added Member To Class: ClassName=ESC Member=Component R40 47k次
Added Member To Class: ClassName=ESC Member=Component R42 47k次
Added Member To Class: ClassName=ESC Member=Component R44 47k次
Added Member To Class: ClassName=ESC Member=Component R46 47k次
Added Member To Class: ClassName=ESC Member=Component R48 47k次
Added Member To Class: ClassName=ESC Member=Component R50 10次
Added Member To Class: ClassName=ESC Member=Component R52 10次
Added Member To Class: ClassName=ESC Member=Component R54 10次
Added Member To Class: ClassName=ESC Member=Component R56 10次
Added Member To Class: ClassName=ESC Member=Component R58 10次
Added Member To Class: ClassName=ESC Member=Component R60 10次
Added Member To Class: ClassName=ESC Member=Component R62 10次
Added Member To Class: ClassName=ESC Member=Component R64 10次
Added Member To Class: ClassName=ESC Member=Component R66 10次
Added Member To Class: ClassName=ESC Member=Component R68 10次
Added Member To Class: ClassName=ESC Member=Component R70 10次
Added Member To Class: ClassName=ESC Member=Component R72 10次
Added Member To Class: ClassName=Peripheral Member=Component R74 4.7k次
Added Member To Class: ClassName=Peripheral Member=Component R76 4.7k次
Added Member To Class: ClassName=Peripheral Member=Component R81 10k次
Added Member To Class: ClassName=Power Member=Component R83 5.1k次
Added Member To Class: ClassName=Power Member=Component R85 22次
Added Member To Class: ClassName=Power Member=Component R87 10k次
Added Member To Class: ClassName=Power Member=Component R89 140k次
Added Member To Class: ClassName=Power Member=Component R91 100k次
Added Member To Class: ClassName=Power Member=Component R93 10k次
